<?xml version="1.0" encoding="UTF-8"?>
<!-- Generated by org.testng.reporters.JUnitReportReporter -->
<testsuite hostname="LTIN217448" failures="0" tests="2" name="TestCases.TC4enterprises" time="30.771" errors="0" timestamp="2024-02-29T17:52:17 IST" skipped="0">
  <testcase classname="TestCases.TC4enterprises" name="forEnterprise" time="24.285"/>
  <system-out/>
  <testcase classname="TestCases.TC4enterprises" name="submitForm" time="6.486"/>
  <system-out/>
</testsuite> <!-- TestCases.TC4enterprises -->
