<?xml version="1.0" encoding="UTF-8"?>
<!-- Generated by org.testng.reporters.JUnitReportReporter -->
<testsuite hostname="LTIN270395" failures="0" tests="2" name="TestCases.TC5enterprises" time="26.692" errors="0" timestamp="2024-02-27T22:58:18 IST" skipped="0">
  <testcase classname="TestCases.TC5enterprises" name="forEnterprise" time="22.000"/>
  <system-out/>
  <testcase classname="TestCases.TC5enterprises" name="submitForm" time="4.692"/>
  <system-out/>
</testsuite> <!-- TestCases.TC5enterprises -->
