<?xml version="1.0" encoding="UTF-8"?>
<!-- Generated by org.testng.reporters.JUnitReportReporter -->
<testsuite hostname="LTIN217448" failures="0" tests="3" name="TestCases.TC1webdevcourses" time="26.514" errors="0" timestamp="2024-02-29T17:49:20 IST" skipped="0">
  <testcase classname="TestCases.TC1webdevcourses" name="homepage" time="7.380"/>
  <system-out/>
  <testcase classname="TestCases.TC1webdevcourses" name="filter" time="5.335"/>
  <system-out/>
  <testcase classname="TestCases.TC1webdevcourses" name="courses" time="13.799"/>
  <system-out/>
</testsuite> <!-- TestCases.TC1webdevcourses -->
