<?xml version="1.0" encoding="UTF-8"?>
<!-- Generated by org.testng.reporters.JUnitReportReporter -->
<testsuite hostname="LTIN217448" failures="0" tests="3" name="TestCases.TC3Languagelearn" time="87.192" errors="0" timestamp="2024-02-29T17:49:20 IST" skipped="0">
  <testcase classname="TestCases.TC3Languagelearn" name="searchbox" time="9.193"/>
  <system-out/>
  <testcase classname="TestCases.TC3Languagelearn" name="languagescourses" time="73.742"/>
  <system-out/>
  <testcase classname="TestCases.TC3Languagelearn" name="levelcount" time="4.257"/>
  <system-out/>
</testsuite> <!-- TestCases.TC3Languagelearn -->
