<?xml version="1.0" encoding="UTF-8"?>
<!-- Generated by org.testng.reporters.JUnitReportReporter -->
<testsuite hostname="LTIN217448" failures="0" tests="2" name="TestCases.TC2webcrse2" time="14.950" errors="0" timestamp="2024-02-29T17:49:20 IST" skipped="0">
  <testcase classname="TestCases.TC2webcrse2" name="course2" time="3.735"/>
  <system-out/>
  <testcase classname="TestCases.TC2webcrse2" name="windowswitch" time="11.215"/>
  <system-out/>
</testsuite> <!-- TestCases.TC2webcrse2 -->
