<?xml version="1.0" encoding="UTF-8"?>
<!-- Generated by org.testng.reporters.JUnitReportReporter -->
<testsuite hostname="LTIN270395" failures="0" tests="1" name="TestCases.TC4languagelevels" time="4.144" errors="0" timestamp="2024-02-27T22:58:18 IST" skipped="0">
  <testcase classname="TestCases.TC4languagelevels" name="levelcount" time="4.144"/>
  <system-out/>
</testsuite> <!-- TestCases.TC4languagelevels -->
